<?xml version="1.0" encoding="UTF-8"?>
<!-- Generated by org.testng.reporters.JUnitReportReporter -->
<testsuite skipped="0" hostname="LAPTOP-DCLCG8PK" name="EndToEndSenarios.CreateProjectAndVerifyInDatabase" tests="1" failures="0" timestamp="2022-08-11T11:09:29 IST" time="2.767" errors="0">
  <testcase name="createProjectVerifyDatabase" time="2.767" classname="EndToEndSenarios.CreateProjectAndVerifyInDatabase"/>
  <system-out>
    <![CDATA[TY_PROJ_1237]]>
  </system-out>
</testsuite> <!-- EndToEndSenarios.CreateProjectAndVerifyInDatabase -->
