<?xml version="1.0" encoding="UTF-8"?>
<!-- Generated by org.testng.reporters.JUnitReportReporter -->
<testsuite skipped="0" hostname="LAPTOP-DCLCG8PK" name="Authentication.Ouath2Test" tests="1" failures="0" timestamp="2022-08-10T17:16:20 IST" time="5.341" errors="0">
  <testcase name="outh2Test" time="5.341" classname="Authentication.Ouath2Test"/>
  <system-out/>
</testsuite> <!-- Authentication.Ouath2Test -->
