<?xml version="1.0" encoding="UTF-8"?>
<!-- Generated by org.testng.reporters.JUnitReportReporter -->
<testsuite skipped="0" hostname="LAPTOP-DCLCG8PK" name="SearilizationAndDeserialization.DerializationEmpWithObject" tests="1" failures="0" timestamp="2022-07-29T10:11:17 IST" time="0.257" errors="0">
  <testcase name="DesearilizationEmpWithObjectTest" time="0.257" classname="SearilizationAndDeserialization.DerializationEmpWithObject"/>
  <system-out/>
</testsuite> <!-- SearilizationAndDeserialization.DerializationEmpWithObject -->
