<?xml version="1.0" encoding="UTF-8"?>
<!-- Generated by org.testng.reporters.JUnitReportReporter -->
<testsuite skipped="0" hostname="LAPTOP-DCLCG8PK" name="BasicCRUD.CreateProjectWithHTMLFormate" tests="1" failures="0" timestamp="2022-08-08T12:13:59 IST" time="3.484" errors="0">
  <testcase name="createProjectWithHtmlFormat" time="3.484" classname="BasicCRUD.CreateProjectWithHTMLFormate"/>
  <system-out/>
</testsuite> <!-- BasicCRUD.CreateProjectWithHTMLFormate -->
