<?xml version="1.0" encoding="UTF-8"?>
<!-- Generated by org.testng.reporters.JUnitReportReporter -->
<testsuite skipped="0" hostname="LAPTOP-DCLCG8PK" name="SearilizationAndDeserialization.Deserializationemployeedetails" tests="1" failures="0" timestamp="2022-07-28T15:16:11 IST" time="0.162" errors="0">
  <testcase name="deserializeEmployeeDetails" time="0.162" classname="SearilizationAndDeserialization.Deserializationemployeedetails"/>
  <system-out/>
</testsuite> <!-- SearilizationAndDeserialization.Deserializationemployeedetails -->
