<?xml version="1.0" encoding="UTF-8"?>
<!-- Generated by org.testng.reporters.JUnitReportReporter -->
<testsuite skipped="0" hostname="LAPTOP-DCLCG8PK" name="SearilizationAndDeserialization.SearlizationForEmployeeDetailWithArray" tests="1" failures="0" timestamp="2022-07-28T15:46:58 IST" time="0.236" errors="0">
  <testcase name="empdetailWithArray" time="0.236" classname="SearilizationAndDeserialization.SearlizationForEmployeeDetailWithArray"/>
  <system-out/>
</testsuite> <!-- SearilizationAndDeserialization.SearlizationForEmployeeDetailWithArray -->
