<?xml version="1.0" encoding="UTF-8"?>
<!-- Generated by org.testng.reporters.JUnitReportReporter -->
<testsuite skipped="0" hostname="LAPTOP-DCLCG8PK" name="RequestChaining.CreateUpdateGetDeleteProject" tests="1" failures="0" timestamp="2022-08-10T14:10:45 IST" time="2.142" errors="0">
  <testcase name="CreateUpGetDelPro" time="2.142" classname="RequestChaining.CreateUpdateGetDeleteProject"/>
  <system-out/>
</testsuite> <!-- RequestChaining.CreateUpdateGetDeleteProject -->
