<?xml version="1.0" encoding="UTF-8"?>
<!-- Generated by org.testng.reporters.JUnitReportReporter -->
<testsuite skipped="0" hostname="LAPTOP-DCLCG8PK" name="DifferentWaysToPost.CreateProjectUsingHashMap" tests="1" failures="0" timestamp="2022-08-09T12:40:01 IST" time="1.563" errors="0">
  <testcase name="createProjectUsingHashMap" time="1.563" classname="DifferentWaysToPost.CreateProjectUsingHashMap"/>
  <system-out/>
</testsuite> <!-- DifferentWaysToPost.CreateProjectUsingHashMap -->
