<?xml version="1.0" encoding="UTF-8"?>
<!-- Generated by org.testng.reporters.JUnitReportReporter -->
<testsuite skipped="0" hostname="LAPTOP-DCLCG8PK" name="ResponseValidation.DynamicResponseValidation" tests="1" failures="0" timestamp="2022-08-10T00:09:37 IST" time="2.120" errors="0">
  <testcase name="dynamicResponseValidation" time="2.120" classname="ResponseValidation.DynamicResponseValidation"/>
  <system-out/>
</testsuite> <!-- ResponseValidation.DynamicResponseValidation -->
