<?xml version="1.0" encoding="UTF-8"?>
<!-- Generated by org.testng.reporters.JUnitReportReporter -->
<testsuite skipped="0" hostname="LAPTOP-DCLCG8PK" name="RequestChaining.CreateGetAndDeleteProject" tests="1" failures="0" timestamp="2022-08-10T12:13:29 IST" time="3.180" errors="0">
  <testcase name="CreategetDelete" time="3.180" classname="RequestChaining.CreateGetAndDeleteProject"/>
  <system-out/>
</testsuite> <!-- RequestChaining.CreateGetAndDeleteProject -->
