<?xml version="1.0" encoding="UTF-8"?>
<!-- Generated by org.testng.reporters.JUnitReportReporter -->
<testsuite skipped="0" hostname="LAPTOP-DCLCG8PK" name="BasicCRUD.CreateProjectWithKeyValuePair" tests="1" failures="0" timestamp="2022-08-08T12:43:31 IST" time="1.870" errors="0">
  <testcase name="createProjectWithkeyValuePair" time="1.870" classname="BasicCRUD.CreateProjectWithKeyValuePair"/>
  <system-out/>
</testsuite> <!-- BasicCRUD.CreateProjectWithKeyValuePair -->
