<?xml version="1.0" encoding="UTF-8"?>
<!-- Generated by org.testng.reporters.JUnitReportReporter -->
<testsuite skipped="0" hostname="LAPTOP-DCLCG8PK" name="BasicCRUD.UpdateProjectTest" tests="1" failures="0" timestamp="2022-08-05T15:45:51 IST" time="2.189" errors="0">
  <testcase name="updateProjectTest" time="2.189" classname="BasicCRUD.UpdateProjectTest"/>
  <system-out/>
</testsuite> <!-- BasicCRUD.UpdateProjectTest -->
