<?xml version="1.0" encoding="UTF-8"?>
<!-- Generated by org.testng.reporters.JUnitReportReporter -->
<testsuite skipped="0" hostname="LAPTOP-DCLCG8PK" name="ResponseValidation.StaticResponseValidation" tests="1" failures="0" timestamp="2022-08-09T23:42:08 IST" time="2.871" errors="0">
  <testcase name="staticResponseValidation" time="2.871" classname="ResponseValidation.StaticResponseValidation"/>
  <system-out/>
</testsuite> <!-- ResponseValidation.StaticResponseValidation -->
