<?xml version="1.0" encoding="UTF-8"?>
<!-- Generated by org.testng.reporters.JUnitReportReporter -->
<testsuite skipped="0" hostname="LAPTOP-DCLCG8PK" name="DifferentWaysToPost.CreateProjectusingJsonFile" tests="1" failures="0" timestamp="2022-08-09T12:59:27 IST" time="1.367" errors="0">
  <testcase name="createprojectUsingjsonFile" time="1.367" classname="DifferentWaysToPost.CreateProjectusingJsonFile"/>
  <system-out/>
</testsuite> <!-- DifferentWaysToPost.CreateProjectusingJsonFile -->
