<?xml version="1.0" encoding="UTF-8"?>
<!-- Generated by org.testng.reporters.JUnitReportReporter -->
<testsuite skipped="0" hostname="LAPTOP-DCLCG8PK" name="DifferentWaysToPost.CreateProjectWithPOJO" tests="1" failures="0" timestamp="2022-08-09T13:11:17 IST" time="1.552" errors="0">
  <testcase name="createProjectWithPOJO" time="1.552" classname="DifferentWaysToPost.CreateProjectWithPOJO"/>
  <system-out/>
</testsuite> <!-- DifferentWaysToPost.CreateProjectWithPOJO -->
