<?xml version="1.0" encoding="UTF-8"?>
<!-- Generated by org.testng.reporters.JUnitReportReporter -->
<testsuite skipped="0" hostname="LAPTOP-DCLCG8PK" name="BasicCRUD.CreateProjectTest" tests="1" failures="0" timestamp="2022-08-05T15:45:18 IST" time="3.722" errors="0">
  <testcase name="createProjectTest" time="3.722" classname="BasicCRUD.CreateProjectTest"/>
  <system-out/>
</testsuite> <!-- BasicCRUD.CreateProjectTest -->
