<?xml version="1.0" encoding="UTF-8"?>
<!-- Generated by org.testng.reporters.JUnitReportReporter -->
<testsuite skipped="0" hostname="LAPTOP-DCLCG8PK" name="BasicCRUD.GetOneProject" tests="1" failures="0" timestamp="2022-08-08T10:26:09 IST" time="4.151" errors="0">
  <testcase name="getOneProject" time="4.151" classname="BasicCRUD.GetOneProject"/>
  <system-out/>
</testsuite> <!-- BasicCRUD.GetOneProject -->
