<?xml version="1.0" encoding="UTF-8"?>
<!-- Generated by org.testng.reporters.JUnitReportReporter -->
<testsuite skipped="0" hostname="LAPTOP-DCLCG8PK" name="BasicCRUD.GetAllProjectsTest" tests="1" failures="0" timestamp="2022-08-05T16:04:17 IST" time="1.832" errors="0">
  <testcase name="getAllProjectsTest" time="1.832" classname="BasicCRUD.GetAllProjectsTest"/>
  <system-out/>
</testsuite> <!-- BasicCRUD.GetAllProjectsTest -->
