<?xml version="1.0" encoding="UTF-8"?>
<!-- Generated by org.testng.reporters.JUnitReportReporter -->
<testsuite skipped="0" hostname="LAPTOP-DCLCG8PK" name="Parameters.PathParameter" tests="1" failures="0" timestamp="2022-08-10T12:24:34 IST" time="1.596" errors="0">
  <testcase name="pathParameter" time="1.596" classname="Parameters.PathParameter"/>
  <system-out/>
</testsuite> <!-- Parameters.PathParameter -->
