<?xml version="1.0" encoding="UTF-8"?>
<!-- Generated by org.testng.reporters.JUnitReportReporter -->
<testsuite skipped="0" hostname="LAPTOP-DCLCG8PK" name="RequestChaining.CreateProjectandGetProject" tests="1" failures="0" timestamp="2022-08-10T12:24:08 IST" time="3.206" errors="0">
  <testcase name="createProjectAndGetPro" time="3.206" classname="RequestChaining.CreateProjectandGetProject"/>
  <system-out/>
</testsuite> <!-- RequestChaining.CreateProjectandGetProject -->
