<?xml version="1.0" encoding="UTF-8"?>
<!-- Generated by org.testng.reporters.JUnitReportReporter -->
<testsuite skipped="0" hostname="LAPTOP-DCLCG8PK" name="DifferentWaysToPost.CreateProjectWithJsonObject" tests="1" failures="0" timestamp="2022-08-09T12:30:22 IST" time="1.946" errors="0">
  <testcase name="createProjectWithJsonObject" time="1.946" classname="DifferentWaysToPost.CreateProjectWithJsonObject"/>
  <system-out/>
</testsuite> <!-- DifferentWaysToPost.CreateProjectWithJsonObject -->
