<?xml version="1.0" encoding="UTF-8"?>
<!-- Generated by org.testng.reporters.JUnitReportReporter -->
<testsuite skipped="0" hostname="LAPTOP-DCLCG8PK" name="BasicCRUDWithBDD.GetAllProjectsTest" tests="1" failures="0" timestamp="2022-08-09T23:32:22 IST" time="2.335" errors="0">
  <testcase name="getAllProjectsTest" time="2.335" classname="BasicCRUDWithBDD.GetAllProjectsTest"/>
  <system-out/>
</testsuite> <!-- BasicCRUDWithBDD.GetAllProjectsTest -->
