<?xml version="1.0" encoding="UTF-8"?>
<!-- Generated by org.testng.reporters.JUnitReportReporter -->
<testsuite skipped="0" hostname="LAPTOP-DCLCG8PK" name="SearilizationAndDeserialization.SearializationWithObject" tests="1" failures="0" timestamp="2022-07-29T10:40:15 IST" time="0.141" errors="0">
  <testcase name="serializationWithObject" time="0.141" classname="SearilizationAndDeserialization.SearializationWithObject"/>
  <system-out/>
</testsuite> <!-- SearilizationAndDeserialization.SearializationWithObject -->
