<?xml version="1.0" encoding="UTF-8"?>
<!-- Generated by org.testng.reporters.JUnitReportReporter -->
<testsuite skipped="0" hostname="LAPTOP-DCLCG8PK" name="SearilizationAndDeserialization.Serializationemployeedetails" tests="1" failures="0" timestamp="2022-07-28T13:28:22 IST" time="0.307" errors="0">
  <testcase name="SerializeEmpDetailsTest" time="0.307" classname="SearilizationAndDeserialization.Serializationemployeedetails"/>
  <system-out/>
</testsuite> <!-- SearilizationAndDeserialization.Serializationemployeedetails -->
