<?xml version="1.0" encoding="UTF-8"?>
<!-- Generated by org.testng.reporters.JUnitReportReporter -->
<testsuite skipped="0" hostname="LAPTOP-DCLCG8PK" name="BasicCRUDWithBDD.CreateProjectTest" tests="1" failures="0" timestamp="2022-08-08T16:30:39 IST" time="2.432" errors="0">
  <testcase name="craeteProjectTest" time="2.432" classname="BasicCRUDWithBDD.CreateProjectTest"/>
  <system-out/>
</testsuite> <!-- BasicCRUDWithBDD.CreateProjectTest -->
