<?xml version="1.0" encoding="UTF-8"?>
<!-- Generated by org.testng.reporters.JUnitReportReporter -->
<testsuite skipped="0" hostname="LAPTOP-DCLCG8PK" name="SearilizationAndDeserialization.DesearilzationEmpdetailswithArray" tests="1" failures="0" timestamp="2022-07-28T16:09:10 IST" time="0.196" errors="0">
  <testcase name="DesearilizationempdetWitharray" time="0.196" classname="SearilizationAndDeserialization.DesearilzationEmpdetailswithArray"/>
  <system-out/>
</testsuite> <!-- SearilizationAndDeserialization.DesearilzationEmpdetailswithArray -->
