<?xml version="1.0" encoding="UTF-8"?>
<!-- Generated by org.testng.reporters.JUnitReportReporter -->
<testsuite skipped="0" hostname="LAPTOP-DCLCG8PK" name="BasicCRUD.CreateProjectWithJsonFile" tests="1" failures="0" timestamp="2022-08-08T12:46:01 IST" time="1.773" errors="0">
  <testcase name="createProjectWithJsonFile" time="1.773" classname="BasicCRUD.CreateProjectWithJsonFile"/>
  <system-out/>
</testsuite> <!-- BasicCRUD.CreateProjectWithJsonFile -->
