<?xml version="1.0" encoding="UTF-8"?>
<!-- Generated by org.testng.reporters.JUnitReportReporter -->
<testsuite skipped="0" hostname="LAPTOP-DCLCG8PK" name="BasicCRUDWithBDD.GetProjectTest" tests="1" failures="0" timestamp="2022-08-08T16:55:54 IST" time="1.763" errors="0">
  <testcase name="getProjectTest" time="1.763" classname="BasicCRUDWithBDD.GetProjectTest"/>
  <system-out/>
</testsuite> <!-- BasicCRUDWithBDD.GetProjectTest -->
