<?xml version="1.0" encoding="UTF-8"?>
<!-- Generated by org.testng.reporters.JUnitReportReporter -->
<testsuite skipped="0" hostname="LAPTOP-DCLCG8PK" name="BasicCRUD.DeleteOneProject" tests="1" failures="0" timestamp="2022-08-08T10:30:24 IST" time="1.928" errors="0">
  <testcase name="deleteoneProject" time="1.928" classname="BasicCRUD.DeleteOneProject"/>
  <system-out/>
</testsuite> <!-- BasicCRUD.DeleteOneProject -->
