<?xml version="1.0" encoding="UTF-8"?>
<!-- Generated by org.testng.reporters.JUnitReportReporter -->
<testsuite skipped="0" hostname="LAPTOP-DCLCG8PK" name="BasicCRUD.CreateProjectUsingPathParameter" tests="1" failures="0" timestamp="2022-08-08T12:32:04 IST" time="2.374" errors="0">
  <testcase name="createProjectUsingPathParameter" time="2.374" classname="BasicCRUD.CreateProjectUsingPathParameter"/>
  <system-out/>
</testsuite> <!-- BasicCRUD.CreateProjectUsingPathParameter -->
