<?xml version="1.0" encoding="UTF-8"?>
<!-- Generated by org.testng.reporters.JUnitReportReporter -->
<testsuite skipped="0" hostname="LAPTOP-DCLCG8PK" name="BasicCRUDWithBDD.UpdateProjectTest" tests="1" failures="0" timestamp="2022-08-08T17:18:57 IST" time="1.912" errors="0">
  <testcase name="updatProjectTest" time="1.912" classname="BasicCRUDWithBDD.UpdateProjectTest"/>
  <system-out/>
</testsuite> <!-- BasicCRUDWithBDD.UpdateProjectTest -->
