<?xml version="1.0" encoding="UTF-8"?>
<!-- Generated by org.testng.reporters.JUnitReportReporter -->
<testsuite skipped="0" hostname="LAPTOP-DCLCG8PK" name="BasicCRUDWithBDD.DeleteTest" tests="1" failures="0" timestamp="2022-08-08T17:19:43 IST" time="1.679" errors="0">
  <testcase name="deleteTest" time="1.679" classname="BasicCRUDWithBDD.DeleteTest"/>
  <system-out/>
</testsuite> <!-- BasicCRUDWithBDD.DeleteTest -->
