<?xml version="1.0" encoding="UTF-8"?>
<!-- Generated by org.testng.reporters.JUnitReportReporter -->
<testsuite skipped="0" hostname="LAPTOP-DCLCG8PK" name="Authentication.BasicAuth" tests="3" failures="0" timestamp="2022-08-10T14:41:34 IST" time="1.648" errors="0">
  <testcase name="basicAuth" time="1.463" classname="Authentication.BasicAuth"/>
  <system-out/>
  <testcase name="basicDigestiveAuth" time="0.088" classname="Authentication.BasicAuth"/>
  <system-out/>
  <testcase name="basicpreEmptiveAuth" time="0.097" classname="Authentication.BasicAuth"/>
  <system-out/>
</testsuite> <!-- Authentication.BasicAuth -->
