<?xml version="1.0" encoding="UTF-8"?>
<!-- Generated by org.testng.reporters.JUnitReportReporter -->
<testsuite skipped="0" hostname="LAPTOP-DCLCG8PK" name="ResponseValidation.ResponseTimeValidation" tests="1" failures="0" timestamp="2022-08-10T00:18:26 IST" time="2.004" errors="0">
  <testcase name="responseTimeValidation" time="2.004" classname="ResponseValidation.ResponseTimeValidation"/>
  <system-out/>
</testsuite> <!-- ResponseValidation.ResponseTimeValidation -->
